<?xml version="1.0" encoding="UTF-8"?>
<testsuite xmlns:xsi="http://www.w3.org/2001/XMLSchema-instance" xsi:noNamespaceSchemaLocation="https://maven.apache.org/surefire/maven-surefire-plugin/xsd/surefire-test-report-3.0.xsd" version="3.0" name="com.janvoice.ai.controller.MaterialMasterControllerTest" time="9.101" tests="5" errors="0" skipped="0" failures="0">
  <properties>
[...]
</properties>
  <testcase name="returnsMaterialById" classname="com.janvoice.ai.controller.MaterialMasterControllerTest" time="0.352">
    <system-out><![CDATA[17:17:04.119 [main] INFO org.springframework.test.context.support.AnnotationConfigContextLoaderUtils -- Could not detect default configuration classes for test class [com.janvoice.ai.controller.MaterialMasterControllerTest]: MaterialMasterControllerTest does not declare any static, non-private, non-final, nested classes annotated with @Configuration.
17:17:04.269 [main] INFO org.springframework.boot.test.context.SpringBootTestContextBootstrapper -- Found @SpringBootConfiguration com.janvoice.ai.JanvoiceAiApplication for test class com.janvoice.ai.controller.MaterialMasterControllerTest

  .   ____          _            __ _ _
 /\\ / ___'_ __ _ _(_)_ __  __ _ \ \ \ \
( ( )\___ | '_ | '_| | '_ \/ _` | \ \ \ \
 \\/  ___)| |_)| | | | | || (_| |  ) ) ) )
  '  |____| .__|_| |_|_| |_\__, | / / / /
 =========|_|==============|___/=/_/_/_/
 :: Spring Boot ::                (v3.2.5)

2026-09-12T17:17:04.867Z  INFO 74653 --- [           main] c.j.a.c.MaterialMasterControllerTest     : Starting MaterialMasterControllerTest using Java 25.0.4.1 with PID 74653 (started by codespace in /workspaces/E-waste/backend)
2026-09-12T17:17:04.869Z  INFO 74653 --- [           main] c.j.a.c.MaterialMasterControllerTest     : No active profile set, falling back to 1 default profile: "default"
2026-09-12T17:17:06.101Z  INFO 74653 --- [           main] .s.d.r.c.RepositoryConfigurationDelegate : Bootstrapping Spring Data JPA repositories in DEFAULT mode.
2026-09-12T17:17:06.251Z  INFO 74653 --- [           main] .s.d.r.c.RepositoryConfigurationDelegate : Finished Spring Data repository scanning in 136 ms. Found 7 JPA repository interfaces.
2026-09-12T17:17:07.136Z  INFO 74653 --- [           main] com.zaxxer.hikari.HikariDataSource       : HikariPool-1 - Starting...
2026-09-12T17:17:07.382Z  INFO 74653 --- [           main] com.zaxxer.hikari.pool.HikariPool        : HikariPool-1 - Added connection conn0: url=jdbc:h2:mem:janvoice_ai user=SA
2026-09-12T17:17:07.384Z  INFO 74653 --- [           main] com.zaxxer.hikari.HikariDataSource       : HikariPool-1 - Start completed.
2026-09-12T17:17:07.478Z  INFO 74653 --- [           main] o.f.c.internal.license.VersionPrinter    : Flyway Community Edition 9.22.3 by Redgate
2026-09-12T17:17:07.479Z  INFO 74653 --- [           main] o.f.c.internal.license.VersionPrinter    : See release notes here: https://rd.gt/416ObMi
2026-09-12T17:17:07.479Z  INFO 74653 --- [           main] o.f.c.internal.license.VersionPrinter    : 
2026-09-12T17:17:07.534Z  INFO 74653 --- [           main] org.flywaydb.core.FlywayExecutor         : Database: jdbc:h2:mem:janvoice_ai (H2 2.2)
2026-09-12T17:17:07.554Z  WARN 74653 --- [           main] o.f.c.internal.database.base.Database    : Flyway upgrade recommended: H2 2.2.224 is newer than this version of Flyway and support has not been tested. The latest supported version of H2 is 2.2.220.
2026-09-12T17:17:07.587Z  INFO 74653 --- [           main] o.f.c.i.s.JdbcTableSchemaHistory         : Schema history table "PUBLIC"."flyway_schema_history" does not exist yet
2026-09-12T17:17:07.591Z  INFO 74653 --- [           main] o.f.core.internal.command.DbValidate     : Successfully validated 4 migrations (execution time 00:00.019s)
2026-09-12T17:17:07.599Z  INFO 74653 --- [           main] o.f.c.i.s.JdbcTableSchemaHistory         : Creating Schema History table "PUBLIC"."flyway_schema_history" ...
2026-09-12T17:17:07.654Z  INFO 74653 --- [           main] o.f.core.internal.command.DbMigrate      : Current version of schema "PUBLIC": << Empty Schema >>
2026-09-12T17:17:07.698Z  INFO 74653 --- [           main] o.f.core.internal.command.DbMigrate      : Migrating schema "PUBLIC" to version "1 - create e waste schema"
2026-09-12T17:17:07.844Z  INFO 74653 --- [           main] o.f.core.internal.command.DbMigrate      : Migrating schema "PUBLIC" to version "2 - seed material master taxonomy"
2026-09-12T17:17:07.877Z  INFO 74653 --- [           main] o.f.core.internal.command.DbMigrate      : Migrating schema "PUBLIC" to version "3 - create price records system"
2026-09-12T17:17:07.919Z  INFO 74653 --- [           main] o.f.core.internal.command.DbMigrate      : Migrating schema "PUBLIC" to version "4 - create verified recycler master"
2026-09-12T17:17:07.957Z  INFO 74653 --- [           main] o.f.core.internal.command.DbMigrate      : Successfully applied 4 migrations to schema "PUBLIC", now at version v4 (execution time 00:00.206s)
2026-09-12T17:17:08.071Z  INFO 74653 --- [           main] o.hibernate.jpa.internal.util.LogHelper  : HHH000204: Processing PersistenceUnitInfo [name: default]
2026-09-12T17:17:08.131Z  INFO 74653 --- [           main] org.hibernate.Version                    : HHH000412: Hibernate ORM core version 6.4.4.Final
2026-09-12T17:17:08.174Z  INFO 74653 --- [           main] o.h.c.internal.RegionFactoryInitiator    : HHH000026: Second-level cache disabled
2026-09-12T17:17:08.318Z  INFO 74653 --- [           main] o.s.o.j.p.SpringPersistenceUnitInfo      : No LoadTimeWeaver setup: ignoring JPA class transformer
2026-09-12T17:17:08.389Z  WARN 74653 --- [           main] org.hibernate.orm.deprecation            : HHH90000025: H2Dialect does not need to be specified explicitly using 'hibernate.dialect' (remove the property setting and it will be selected by default)
2026-09-12T17:17:09.727Z  INFO 74653 --- [           main] o.h.e.t.j.p.i.JtaPlatformInitiator       : HHH000489: No JTA platform available (set 'hibernate.transaction.jta.platform' to enable JTA platform integration)
2026-09-12T17:17:09.852Z  INFO 74653 --- [           main] j.LocalContainerEntityManagerFactoryBean : Initialized JPA EntityManagerFactory for persistence unit 'default'
2026-09-12T17:17:10.237Z  INFO 74653 --- [           main] o.s.d.j.r.query.QueryEnhancerFactory     : Hibernate is in classpath; If applicable, HQL parser will be used.
2026-09-12T17:17:11.822Z  WARN 74653 --- [           main] JpaBaseConfiguration$JpaWebConfiguration : spring.jpa.open-in-view is enabled by default. Therefore, database queries may be performed during view rendering. Explicitly configure spring.jpa.open-in-view to disable this warning
2026-09-12T17:17:12.518Z  INFO 74653 --- [           main] o.s.b.t.m.w.SpringBootMockServletContext : Initializing Spring TestDispatcherServlet ''
2026-09-12T17:17:12.518Z  INFO 74653 --- [           main] o.s.t.web.servlet.TestDispatcherServlet  : Initializing Servlet ''
2026-09-12T17:17:12.519Z  INFO 74653 --- [           main] o.s.t.web.servlet.TestDispatcherServlet  : Completed initialization in 1 ms
2026-09-12T17:17:12.551Z  INFO 74653 --- [           main] c.j.a.c.MaterialMasterControllerTest     : Started MaterialMasterControllerTest in 8.119 seconds (process running for 11.789)
]]></system-out>
  </testcase>
  <testcase name="listsMigratedMaterials" classname="com.janvoice.ai.controller.MaterialMasterControllerTest" time="0.034"/>
  <testcase name="returnsNotFoundForUnknownId" classname="com.janvoice.ai.controller.MaterialMasterControllerTest" time="0.016"/>
  <testcase name="searchesByMaterialName" classname="com.janvoice.ai.controller.MaterialMasterControllerTest" time="0.042"/>
  <testcase name="filtersByCategory" classname="com.janvoice.ai.controller.MaterialMasterControllerTest" time="0.02"/>
</testsuite>